<?xml version="1.0" encoding="UTF-8"?>
<!-- Generated by org.testng.reporters.JUnitReportReporter -->
<testsuite hostname="DESKTOP-H4KB4OT" failures="0" tests="1" name="testCases.demosite" time="72.458" errors="0" timestamp="2022-02-11T20:18:10 BDT" skipped="0">
  <testcase classname="testCases.demosite" name="APIdemosite" time="72.458"/>
  <system-out/>
</testsuite> <!-- testCases.demosite -->
